<?xml version="1.0" encoding="UTF-8"?>
<testsuite xmlns:xsi="http://www.w3.org/2001/XMLSchema-instance" xsi:noNamespaceSchemaLocation="https://maven.apache.org/surefire/maven-surefire-plugin/xsd/surefire-test-report.xsd" name="com.qa.automate.healthcare.tests.LoginTest" time="44.768" tests="1" errors="0" skipped="0" failures="1">
  <properties>
    <property name="sun.desktop" value="windows"/>
    <property name="awt.toolkit" value="sun.awt.windows.WToolkit"/>
    <property name="file.encoding.pkg" value="sun.io"/>
    <property name="java.specification.version" value="1.8"/>
    <property name="sun.cpu.isalist" value="amd64"/>
    <property name="sun.jnu.encoding" value="Cp1252"/>
    <property name="java.class.path" value="C:\Users\Punith\Desktop\FreshAutomation\Automate\target\test-classes;C:\Users\Punith\Desktop\FreshAutomation\Automate\target\classes;C:\Users\Punith\.m2\repository\org\seleniumhq\selenium\selenium-java\4.0.0-alpha-1\selenium-java-4.0.0-alpha-1.jar;C:\Users\Punith\.m2\repository\org\seleniumhq\selenium\selenium-chrome-driver\4.0.0-alpha-1\selenium-chrome-driver-4.0.0-alpha-1.jar;C:\Users\Punith\.m2\repository\org\seleniumhq\selenium\selenium-remote-driver\4.0.0-alpha-1\selenium-remote-driver-4.0.0-alpha-1.jar;C:\Users\Punith\.m2\repository\org\seleniumhq\selenium\selenium-api\4.0.0-alpha-1\selenium-api-4.0.0-alpha-1.jar;C:\Users\Punith\.m2\repository\net\bytebuddy\byte-buddy\1.9.12\byte-buddy-1.9.12.jar;C:\Users\Punith\.m2\repository\org\apache\commons\commons-exec\1.3\commons-exec-1.3.jar;C:\Users\Punith\.m2\repository\com\google\guava\guava\27.1-jre\guava-27.1-jre.jar;C:\Users\Punith\.m2\repository\com\google\guava\failureaccess\1.0.1\failureaccess-1.0.1.jar;C:\Users\Punith\.m2\repository\com\google\guava\listenablefuture\9999.0-empty-to-avoid-conflict-with-guava\listenablefuture-9999.0-empty-to-avoid-conflict-with-guava.jar;C:\Users\Punith\.m2\repository\com\google\code\findbugs\jsr305\3.0.2\jsr305-3.0.2.jar;C:\Users\Punith\.m2\repository\org\checkerframework\checker-qual\2.5.2\checker-qual-2.5.2.jar;C:\Users\Punith\.m2\repository\com\google\errorprone\error_prone_annotations\2.2.0\error_prone_annotations-2.2.0.jar;C:\Users\Punith\.m2\repository\com\google\j2objc\j2objc-annotations\1.1\j2objc-annotations-1.1.jar;C:\Users\Punith\.m2\repository\org\codehaus\mojo\animal-sniffer-annotations\1.17\animal-sniffer-annotations-1.17.jar;C:\Users\Punith\.m2\repository\com\squareup\okhttp3\okhttp\3.14.0\okhttp-3.14.0.jar;C:\Users\Punith\.m2\repository\com\squareup\okio\okio\1.17.2\okio-1.17.2.jar;C:\Users\Punith\.m2\repository\org\seleniumhq\selenium\selenium-edge-driver\4.0.0-alpha-1\selenium-edge-driver-4.0.0-alpha-1.jar;C:\Users\Punith\.m2\repository\org\seleniumhq\selenium\selenium-firefox-xpi-driver\4.0.0-alpha-1\selenium-firefox-xpi-driver-4.0.0-alpha-1.jar;C:\Users\Punith\.m2\repository\org\seleniumhq\selenium\selenium-firefox-driver\4.0.0-alpha-1\selenium-firefox-driver-4.0.0-alpha-1.jar;C:\Users\Punith\.m2\repository\org\seleniumhq\selenium\selenium-ie-driver\4.0.0-alpha-1\selenium-ie-driver-4.0.0-alpha-1.jar;C:\Users\Punith\.m2\repository\org\seleniumhq\selenium\selenium-opera-driver\4.0.0-alpha-1\selenium-opera-driver-4.0.0-alpha-1.jar;C:\Users\Punith\.m2\repository\org\seleniumhq\selenium\selenium-safari-driver\4.0.0-alpha-1\selenium-safari-driver-4.0.0-alpha-1.jar;C:\Users\Punith\.m2\repository\org\seleniumhq\selenium\selenium-support\4.0.0-alpha-1\selenium-support-4.0.0-alpha-1.jar;C:\Users\Punith\.m2\repository\org\testng\testng\6.14.3\testng-6.14.3.jar;C:\Users\Punith\.m2\repository\com\beust\jcommander\1.72\jcommander-1.72.jar;C:\Users\Punith\.m2\repository\org\apache-extras\beanshell\bsh\2.0b6\bsh-2.0b6.jar;C:\Users\Punith\.m2\repository\org\apache\poi\poi\4.1.2\poi-4.1.2.jar;C:\Users\Punith\.m2\repository\commons-codec\commons-codec\1.13\commons-codec-1.13.jar;C:\Users\Punith\.m2\repository\org\apache\commons\commons-collections4\4.4\commons-collections4-4.4.jar;C:\Users\Punith\.m2\repository\org\apache\commons\commons-math3\3.6.1\commons-math3-3.6.1.jar;C:\Users\Punith\.m2\repository\com\zaxxer\SparseBitSet\1.2\SparseBitSet-1.2.jar;C:\Users\Punith\.m2\repository\org\apache\poi\poi-ooxml\4.1.2\poi-ooxml-4.1.2.jar;C:\Users\Punith\.m2\repository\org\apache\commons\commons-compress\1.19\commons-compress-1.19.jar;C:\Users\Punith\.m2\repository\com\github\virtuald\curvesapi\1.06\curvesapi-1.06.jar;C:\Users\Punith\.m2\repository\org\apache\poi\poi-ooxml-schemas\4.1.2\poi-ooxml-schemas-4.1.2.jar;C:\Users\Punith\.m2\repository\org\apache\xmlbeans\xmlbeans\3.1.0\xmlbeans-3.1.0.jar;C:\Users\Punith\.m2\repository\org\apache\poi\poi-scratchpad\4.1.2\poi-scratchpad-4.1.2.jar;"/>
    <property name="java.vm.vendor" value="Oracle Corporation"/>
    <property name="sun.arch.data.model" value="64"/>
    <property name="user.variant" value=""/>
    <property name="java.vendor.url" value="http://java.oracle.com/"/>
    <property name="user.timezone" value="Asia/Calcutta"/>
    <property name="java.vm.specification.version" value="1.8"/>
    <property name="os.name" value="Windows 7"/>
    <property name="user.country" value="US"/>
    <property name="sun.java.launcher" value="SUN_STANDARD"/>
    <property name="sun.boot.library.path" value="C:\Program Files\Java\jdk1.8.0_261\jre\bin"/>
    <property name="sun.java.command" value="C:\Users\Punith\AppData\Local\Temp\surefire8520350326379444169\surefirebooter9062961560996053256.jar C:\Users\Punith\AppData\Local\Temp\surefire8520350326379444169 2020-09-25T21-34-28_456-jvmRun1 surefire1893868170309406345tmp surefire_05489439781589071127tmp"/>
    <property name="surefire.test.class.path" value="C:\Users\Punith\Desktop\FreshAutomation\Automate\target\test-classes;C:\Users\Punith\Desktop\FreshAutomation\Automate\target\classes;C:\Users\Punith\.m2\repository\org\seleniumhq\selenium\selenium-java\4.0.0-alpha-1\selenium-java-4.0.0-alpha-1.jar;C:\Users\Punith\.m2\repository\org\seleniumhq\selenium\selenium-chrome-driver\4.0.0-alpha-1\selenium-chrome-driver-4.0.0-alpha-1.jar;C:\Users\Punith\.m2\repository\org\seleniumhq\selenium\selenium-remote-driver\4.0.0-alpha-1\selenium-remote-driver-4.0.0-alpha-1.jar;C:\Users\Punith\.m2\repository\org\seleniumhq\selenium\selenium-api\4.0.0-alpha-1\selenium-api-4.0.0-alpha-1.jar;C:\Users\Punith\.m2\repository\net\bytebuddy\byte-buddy\1.9.12\byte-buddy-1.9.12.jar;C:\Users\Punith\.m2\repository\org\apache\commons\commons-exec\1.3\commons-exec-1.3.jar;C:\Users\Punith\.m2\repository\com\google\guava\guava\27.1-jre\guava-27.1-jre.jar;C:\Users\Punith\.m2\repository\com\google\guava\failureaccess\1.0.1\failureaccess-1.0.1.jar;C:\Users\Punith\.m2\repository\com\google\guava\listenablefuture\9999.0-empty-to-avoid-conflict-with-guava\listenablefuture-9999.0-empty-to-avoid-conflict-with-guava.jar;C:\Users\Punith\.m2\repository\com\google\code\findbugs\jsr305\3.0.2\jsr305-3.0.2.jar;C:\Users\Punith\.m2\repository\org\checkerframework\checker-qual\2.5.2\checker-qual-2.5.2.jar;C:\Users\Punith\.m2\repository\com\google\errorprone\error_prone_annotations\2.2.0\error_prone_annotations-2.2.0.jar;C:\Users\Punith\.m2\repository\com\google\j2objc\j2objc-annotations\1.1\j2objc-annotations-1.1.jar;C:\Users\Punith\.m2\repository\org\codehaus\mojo\animal-sniffer-annotations\1.17\animal-sniffer-annotations-1.17.jar;C:\Users\Punith\.m2\repository\com\squareup\okhttp3\okhttp\3.14.0\okhttp-3.14.0.jar;C:\Users\Punith\.m2\repository\com\squareup\okio\okio\1.17.2\okio-1.17.2.jar;C:\Users\Punith\.m2\repository\org\seleniumhq\selenium\selenium-edge-driver\4.0.0-alpha-1\selenium-edge-driver-4.0.0-alpha-1.jar;C:\Users\Punith\.m2\repository\org\seleniumhq\selenium\selenium-firefox-xpi-driver\4.0.0-alpha-1\selenium-firefox-xpi-driver-4.0.0-alpha-1.jar;C:\Users\Punith\.m2\repository\org\seleniumhq\selenium\selenium-firefox-driver\4.0.0-alpha-1\selenium-firefox-driver-4.0.0-alpha-1.jar;C:\Users\Punith\.m2\repository\org\seleniumhq\selenium\selenium-ie-driver\4.0.0-alpha-1\selenium-ie-driver-4.0.0-alpha-1.jar;C:\Users\Punith\.m2\repository\org\seleniumhq\selenium\selenium-opera-driver\4.0.0-alpha-1\selenium-opera-driver-4.0.0-alpha-1.jar;C:\Users\Punith\.m2\repository\org\seleniumhq\selenium\selenium-safari-driver\4.0.0-alpha-1\selenium-safari-driver-4.0.0-alpha-1.jar;C:\Users\Punith\.m2\repository\org\seleniumhq\selenium\selenium-support\4.0.0-alpha-1\selenium-support-4.0.0-alpha-1.jar;C:\Users\Punith\.m2\repository\org\testng\testng\6.14.3\testng-6.14.3.jar;C:\Users\Punith\.m2\repository\com\beust\jcommander\1.72\jcommander-1.72.jar;C:\Users\Punith\.m2\repository\org\apache-extras\beanshell\bsh\2.0b6\bsh-2.0b6.jar;C:\Users\Punith\.m2\repository\org\apache\poi\poi\4.1.2\poi-4.1.2.jar;C:\Users\Punith\.m2\repository\commons-codec\commons-codec\1.13\commons-codec-1.13.jar;C:\Users\Punith\.m2\repository\org\apache\commons\commons-collections4\4.4\commons-collections4-4.4.jar;C:\Users\Punith\.m2\repository\org\apache\commons\commons-math3\3.6.1\commons-math3-3.6.1.jar;C:\Users\Punith\.m2\repository\com\zaxxer\SparseBitSet\1.2\SparseBitSet-1.2.jar;C:\Users\Punith\.m2\repository\org\apache\poi\poi-ooxml\4.1.2\poi-ooxml-4.1.2.jar;C:\Users\Punith\.m2\repository\org\apache\commons\commons-compress\1.19\commons-compress-1.19.jar;C:\Users\Punith\.m2\repository\com\github\virtuald\curvesapi\1.06\curvesapi-1.06.jar;C:\Users\Punith\.m2\repository\org\apache\poi\poi-ooxml-schemas\4.1.2\poi-ooxml-schemas-4.1.2.jar;C:\Users\Punith\.m2\repository\org\apache\xmlbeans\xmlbeans\3.1.0\xmlbeans-3.1.0.jar;C:\Users\Punith\.m2\repository\org\apache\poi\poi-scratchpad\4.1.2\poi-scratchpad-4.1.2.jar;"/>
    <property name="sun.cpu.endian" value="little"/>
    <property name="user.home" value="C:\Users\Punith"/>
    <property name="user.language" value="en"/>
    <property name="java.specification.vendor" value="Oracle Corporation"/>
    <property name="java.home" value="C:\Program Files\Java\jdk1.8.0_261\jre"/>
    <property name="basedir" value="C:\Users\Punith\Desktop\FreshAutomation\Automate"/>
    <property name="file.separator" value="\"/>
    <property name="line.separator" value="&#10;"/>
    <property name="java.vm.specification.vendor" value="Oracle Corporation"/>
    <property name="java.specification.name" value="Java Platform API Specification"/>
    <property name="java.awt.graphicsenv" value="sun.awt.Win32GraphicsEnvironment"/>
    <property name="surefire.real.class.path" value="C:\Users\Punith\AppData\Local\Temp\surefire8520350326379444169\surefirebooter9062961560996053256.jar"/>
    <property name="sun.boot.class.path" value="C:\Program Files\Java\jdk1.8.0_261\jre\lib\resources.jar;C:\Program Files\Java\jdk1.8.0_261\jre\lib\rt.jar;C:\Program Files\Java\jdk1.8.0_261\jre\lib\sunrsasign.jar;C:\Program Files\Java\jdk1.8.0_261\jre\lib\jsse.jar;C:\Program Files\Java\jdk1.8.0_261\jre\lib\jce.jar;C:\Program Files\Java\jdk1.8.0_261\jre\lib\charsets.jar;C:\Program Files\Java\jdk1.8.0_261\jre\lib\jfr.jar;C:\Program Files\Java\jdk1.8.0_261\jre\classes"/>
    <property name="user.script" value=""/>
    <property name="sun.management.compiler" value="HotSpot 64-Bit Tiered Compilers"/>
    <property name="java.runtime.version" value="1.8.0_261-b12"/>
    <property name="user.name" value="Punith"/>
    <property name="path.separator" value=";"/>
    <property name="os.version" value="6.1"/>
    <property name="java.endorsed.dirs" value="C:\Program Files\Java\jdk1.8.0_261\jre\lib\endorsed"/>
    <property name="java.runtime.name" value="Java(TM) SE Runtime Environment"/>
    <property name="file.encoding" value="Cp1252"/>
    <property name="java.vm.name" value="Java HotSpot(TM) 64-Bit Server VM"/>
    <property name="localRepository" value="C:\Users\Punith\.m2\repository"/>
    <property name="java.vendor.url.bug" value="http://bugreport.sun.com/bugreport/"/>
    <property name="java.io.tmpdir" value="C:\Users\Punith\AppData\Local\Temp\"/>
    <property name="java.version" value="1.8.0_261"/>
    <property name="user.dir" value="C:\Users\Punith\Desktop\FreshAutomation\Automate"/>
    <property name="os.arch" value="amd64"/>
    <property name="java.vm.specification.name" value="Java Virtual Machine Specification"/>
    <property name="java.awt.printerjob" value="sun.awt.windows.WPrinterJob"/>
    <property name="sun.os.patch.level" value="Service Pack 1"/>
    <property name="java.library.path" value="C:\Program Files\Java\jdk1.8.0_261\jre\bin;C:\Windows\Sun\Java\bin;C:\Windows\system32;C:\Windows;C:\Program Files (x86)\Common Files\Oracle\Java\javapath;C:\Program Files (x86)\Intel\iCLS Client\;C:\Program Files\Intel\iCLS Client\;C:\Windows\system32;C:\Windows;C:\Windows\System32\Wbem;C:\Windows\System32\WindowsPowerShell\v1.0\;C:\Program Files\Intel\Intel(R) Management Engine Components\DAL;C:\Program Files (x86)\Intel\Intel(R) Management Engine Components\DAL;C:\Program Files\Intel\Intel(R) Management Engine Components\IPT;C:\Program Files (x86)\Intel\Intel(R) Management Engine Components\IPT;C:\Program Files (x86)\NVIDIA Corporation\PhysX\Common;C:\Program Files\PuTTY\;C:\Users\Punith\AppData\Local\Android\Sdk\tools;C:\Users\Punith\AppData\Local\Android\Sdk\platform-tools;C:\Users\Punith\Downloads\apache-maven-3.6.3\bin;C:\Program Files\Java\jdk1.8.0_261\bin;C:\Users\Punith\AppData\Local\Android\Sdk\tools\bin;C:\Program Files\nodejs\;C:\Users\Punith\AppData\Local\Programs\Python\Python38-32\Scripts\;C:\Users\Punith\AppData\Local\Programs\Python\Python38-32\;C:\Program Files\JetBrains\PyCharm Community Edition 2020.1.2\bin;;C:\Users\Punith\AppData\Roaming\npm;."/>
    <property name="java.vm.info" value="mixed mode"/>
    <property name="java.vendor" value="Oracle Corporation"/>
    <property name="java.vm.version" value="25.261-b12"/>
    <property name="java.ext.dirs" value="C:\Program Files\Java\jdk1.8.0_261\jre\lib\ext;C:\Windows\Sun\Java\lib\ext"/>
    <property name="sun.io.unicode.encoding" value="UnicodeLittle"/>
    <property name="java.class.version" value="52.0"/>
  </properties>
  <testcase name="login" classname="com.qa.automate.healthcare.tests.LoginTest" time="3.615">
    <failure type="java.lang.NullPointerException">java.lang.NullPointerException
	at com.qa.automate.healthcare.tests.LoginTest.login(LoginTest.java:14)
</failure>
    <system-err><![CDATA[Starting ChromeDriver 80.0.3987.106 (f68069574609230cf9b635cd784cfb1bf81bb53a-refs/branch-heads/3987@{#882}) on port 26163
Only local connections are allowed.
Please protect ports used by ChromeDriver and related test frameworks to prevent access by malicious code.
Sep 25, 2020 9:34:34 PM org.openqa.selenium.remote.ProtocolHandshake createSession
INFO: Detected dialect: W3C
[1601049878.150][SEVERE]: Timed out receiving message from renderer: 0.100
[1601049878.309][SEVERE]: Timed out receiving message from renderer: 0.100
[1601049878.502][SEVERE]: Timed out receiving message from renderer: 0.100
[1601049878.644][SEVERE]: Timed out receiving message from renderer: 0.100
[1601049878.747][SEVERE]: Timed out receiving message from renderer: 0.100
[1601049878.849][SEVERE]: Timed out receiving message from renderer: 0.100
[1601049878.960][SEVERE]: Timed out receiving message from renderer: 0.100
[1601049879.070][SEVERE]: Timed out receiving message from renderer: 0.100
[1601049879.175][SEVERE]: Timed out receiving message from renderer: 0.100
[1601049879.280][SEVERE]: Timed out receiving message from renderer: 0.100
[1601049879.390][SEVERE]: Timed out receiving message from renderer: 0.100
[1601049879.561][SEVERE]: Timed out receiving message from renderer: 0.100
[1601049879.663][SEVERE]: Timed out receiving message from renderer: 0.100
[1601049879.773][SEVERE]: Timed out receiving message from renderer: 0.100
[1601049879.875][SEVERE]: Timed out receiving message from renderer: 0.100
[1601049879.978][SEVERE]: Timed out receiving message from renderer: 0.100
[1601049880.080][SEVERE]: Timed out receiving message from renderer: 0.100
[1601049880.183][SEVERE]: Timed out receiving message from renderer: 0.100
[1601049880.286][SEVERE]: Timed out receiving message from renderer: 0.100
[1601049880.392][SEVERE]: Timed out receiving message from renderer: 0.100
[1601049880.497][SEVERE]: Timed out receiving message from renderer: 0.100
[1601049880.601][SEVERE]: Timed out receiving message from renderer: 0.100
[1601049880.704][SEVERE]: Timed out receiving message from renderer: 0.100
[1601049880.811][SEVERE]: Timed out receiving message from renderer: 0.100
[1601049880.931][SEVERE]: Timed out receiving message from renderer: 0.100
[1601049881.038][SEVERE]: Timed out receiving message from renderer: 0.100
[1601049881.151][SEVERE]: Timed out receiving message from renderer: 0.100
[1601049881.253][SEVERE]: Timed out receiving message from renderer: 0.100
[1601049881.359][SEVERE]: Timed out receiving message from renderer: 0.100
[1601049881.462][SEVERE]: Timed out receiving message from renderer: 0.100
[1601049881.565][SEVERE]: Timed out receiving message from renderer: 0.100
[1601049881.676][SEVERE]: Timed out receiving message from renderer: 0.100
[1601049881.780][SEVERE]: Timed out receiving message from renderer: 0.100
[1601049881.884][SEVERE]: Timed out receiving message from renderer: 0.100
[1601049882.002][SEVERE]: Timed out receiving message from renderer: 0.100
[1601049882.105][SEVERE]: Timed out receiving message from renderer: 0.100
[1601049882.213][SEVERE]: Timed out receiving message from renderer: 0.100
[1601049882.315][SEVERE]: Timed out receiving message from renderer: 0.100
[1601049882.416][SEVERE]: Timed out receiving message from renderer: 0.100
[1601049882.518][SEVERE]: Timed out receiving message from renderer: 0.100
[1601049882.628][SEVERE]: Timed out receiving message from renderer: 0.100
[1601049882.731][SEVERE]: Timed out receiving message from renderer: 0.100
[1601049882.833][SEVERE]: Timed out receiving message from renderer: 0.100
[1601049882.935][SEVERE]: Timed out receiving message from renderer: 0.100
[1601049883.041][SEVERE]: Timed out receiving message from renderer: 0.100
[1601049883.406][SEVERE]: Timed out receiving message from renderer: 0.100
[1601049883.725][SEVERE]: Timed out receiving message from renderer: 0.100
[1601049883.828][SEVERE]: Timed out receiving message from renderer: 0.100
[1601049883.946][SEVERE]: Timed out receiving message from renderer: 0.100
[1601049884.061][SEVERE]: Timed out receiving message from renderer: 0.100
[1601049884.167][SEVERE]: Timed out receiving message from renderer: 0.100
[1601049884.284][SEVERE]: Timed out receiving message from renderer: 0.100
[1601049884.413][SEVERE]: Timed out receiving message from renderer: 0.100
[1601049884.526][SEVERE]: Timed out receiving message from renderer: 0.100
[1601049884.647][SEVERE]: Timed out receiving message from renderer: 0.100
[1601049884.792][SEVERE]: Timed out receiving message from renderer: 0.100
[1601049884.899][SEVERE]: Timed out receiving message from renderer: 0.100
[1601049885.004][SEVERE]: Timed out receiving message from renderer: 0.100
[1601049885.111][SEVERE]: Timed out receiving message from renderer: 0.100
[1601049885.216][SEVERE]: Timed out receiving message from renderer: 0.100
[1601049885.321][SEVERE]: Timed out receiving message from renderer: 0.100
[1601049885.431][SEVERE]: Timed out receiving message from renderer: 0.100
[1601049885.535][SEVERE]: Timed out receiving message from renderer: 0.100
[1601049885.640][SEVERE]: Timed out receiving message from renderer: 0.100
[1601049885.747][SEVERE]: Timed out receiving message from renderer: 0.100
[1601049885.864][SEVERE]: Timed out receiving message from renderer: 0.100
[1601049885.976][SEVERE]: Timed out receiving message from renderer: 0.100
[1601049886.149][SEVERE]: Timed out receiving message from renderer: 0.100
[1601049886.352][SEVERE]: Timed out receiving message from renderer: 0.100
[1601049886.458][SEVERE]: Timed out receiving message from renderer: 0.100
[1601049886.563][SEVERE]: Timed out receiving message from renderer: 0.100
[1601049886.668][SEVERE]: Timed out receiving message from renderer: 0.100
[1601049886.776][SEVERE]: Timed out receiving message from renderer: 0.100
[1601049886.881][SEVERE]: Timed out receiving message from renderer: 0.100
[1601049886.986][SEVERE]: Timed out receiving message from renderer: 0.100
[1601049887.091][SEVERE]: Timed out receiving message from renderer: 0.100
[1601049887.196][SEVERE]: Timed out receiving message from renderer: 0.100
[1601049887.311][SEVERE]: Timed out receiving message from renderer: 0.100
[1601049887.429][SEVERE]: Timed out receiving message from renderer: 0.100
[1601049887.551][SEVERE]: Timed out receiving message from renderer: 0.100
[1601049887.657][SEVERE]: Timed out receiving message from renderer: 0.100
[1601049887.779][SEVERE]: Timed out receiving message from renderer: 0.100
[1601049887.884][SEVERE]: Timed out receiving message from renderer: 0.100
[1601049887.989][SEVERE]: Timed out receiving message from renderer: 0.100
[1601049888.127][SEVERE]: Timed out receiving message from renderer: 0.100
[1601049888.277][SEVERE]: Timed out receiving message from renderer: 0.100
[1601049888.392][SEVERE]: Timed out receiving message from renderer: 0.100
[1601049888.497][SEVERE]: Timed out receiving message from renderer: 0.100
[1601049888.599][SEVERE]: Timed out receiving message from renderer: 0.100
[1601049888.703][SEVERE]: Timed out receiving message from renderer: 0.100
[1601049888.809][SEVERE]: Timed out receiving message from renderer: 0.100
[1601049888.912][SEVERE]: Timed out receiving message from renderer: 0.100
[1601049889.015][SEVERE]: Timed out receiving message from renderer: 0.100
[1601049889.118][SEVERE]: Timed out receiving message from renderer: 0.100
[1601049889.222][SEVERE]: Timed out receiving message from renderer: 0.100
[1601049889.330][SEVERE]: Timed out receiving message from renderer: 0.100
[1601049889.448][SEVERE]: Timed out receiving message from renderer: 0.100
[1601049889.553][SEVERE]: Timed out receiving message from renderer: 0.100
[1601049889.670][SEVERE]: Timed out receiving message from renderer: 0.100
[1601049889.774][SEVERE]: Timed out receiving message from renderer: 0.100
[1601049889.879][SEVERE]: Timed out receiving message from renderer: 0.100
[1601049889.982][SEVERE]: Timed out receiving message from renderer: 0.100
[1601049890.105][SEVERE]: Timed out receiving message from renderer: 0.100
[1601049890.325][SEVERE]: Timed out receiving message from renderer: 0.100
[1601049890.431][SEVERE]: Timed out receiving message from renderer: 0.100
[1601049890.536][SEVERE]: Timed out receiving message from renderer: 0.100
[1601049890.642][SEVERE]: Timed out receiving message from renderer: 0.100
[1601049890.744][SEVERE]: Timed out receiving message from renderer: 0.100
[1601049890.850][SEVERE]: Timed out receiving message from renderer: 0.100
[1601049891.040][SEVERE]: Timed out receiving message from renderer: 0.100
[1601049891.191][SEVERE]: Timed out receiving message from renderer: 0.100
[1601049891.297][SEVERE]: Timed out receiving message from renderer: 0.100
[1601049891.400][SEVERE]: Timed out receiving message from renderer: 0.100
[1601049891.503][SEVERE]: Timed out receiving message from renderer: 0.100
[1601049891.608][SEVERE]: Timed out receiving message from renderer: 0.100
[1601049891.712][SEVERE]: Timed out receiving message from renderer: 0.100
[1601049891.817][SEVERE]: Timed out receiving message from renderer: 0.100
[1601049891.926][SEVERE]: Timed out receiving message from renderer: 0.100
[1601049892.029][SEVERE]: Timed out receiving message from renderer: 0.100
[1601049892.131][SEVERE]: Timed out receiving message from renderer: 0.100
[1601049892.267][SEVERE]: Timed out receiving message from renderer: 0.100
[1601049892.489][SEVERE]: Timed out receiving message from renderer: 0.100
[1601049892.596][SEVERE]: Timed out receiving message from renderer: 0.100
[1601049892.701][SEVERE]: Timed out receiving message from renderer: 0.100
[1601049892.803][SEVERE]: Timed out receiving message from renderer: 0.100
[1601049892.908][SEVERE]: Timed out receiving message from renderer: 0.100
[1601049893.010][SEVERE]: Timed out receiving message from renderer: 0.100
[1601049893.114][SEVERE]: Timed out receiving message from renderer: 0.100
[1601049893.217][SEVERE]: Timed out receiving message from renderer: 0.100
[1601049893.319][SEVERE]: Timed out receiving message from renderer: 0.100
[1601049893.425][SEVERE]: Timed out receiving message from renderer: 0.100
[1601049893.535][SEVERE]: Timed out receiving message from renderer: 0.100
[1601049893.638][SEVERE]: Timed out receiving message from renderer: 0.100
[1601049893.742][SEVERE]: Timed out receiving message from renderer: 0.100
[1601049893.958][SEVERE]: Timed out receiving message from renderer: 0.100
[1601049894.063][SEVERE]: Timed out receiving message from renderer: 0.100
[1601049894.198][SEVERE]: Timed out receiving message from renderer: 0.100
[1601049894.320][SEVERE]: Timed out receiving message from renderer: 0.100
[1601049894.428][SEVERE]: Timed out receiving message from renderer: 0.100
[1601049894.533][SEVERE]: Timed out receiving message from renderer: 0.100
[1601049894.635][SEVERE]: Timed out receiving message from renderer: 0.100
[1601049894.738][SEVERE]: Timed out receiving message from renderer: 0.100
[1601049894.843][SEVERE]: Timed out receiving message from renderer: 0.100
[1601049894.946][SEVERE]: Timed out receiving message from renderer: 0.100
[1601049895.050][SEVERE]: Timed out receiving message from renderer: 0.100
[1601049895.166][SEVERE]: Timed out receiving message from renderer: 0.100
[1601049895.305][SEVERE]: Timed out receiving message from renderer: 0.100
[1601049895.419][SEVERE]: Timed out receiving message from renderer: 0.100
[1601049895.525][SEVERE]: Timed out receiving message from renderer: 0.100
[1601049895.649][SEVERE]: Timed out receiving message from renderer: 0.100
[1601049895.762][SEVERE]: Timed out receiving message from renderer: 0.100
[1601049895.864][SEVERE]: Timed out receiving message from renderer: 0.100
[1601049895.981][SEVERE]: Timed out receiving message from renderer: 0.100
[1601049896.091][SEVERE]: Timed out receiving message from renderer: 0.100
[1601049896.197][SEVERE]: Timed out receiving message from renderer: 0.100
[1601049896.300][SEVERE]: Timed out receiving message from renderer: 0.100
[1601049896.430][SEVERE]: Timed out receiving message from renderer: 0.100
[1601049896.533][SEVERE]: Timed out receiving message from renderer: 0.100
[1601049896.640][SEVERE]: Timed out receiving message from renderer: 0.100
[1601049896.749][SEVERE]: Timed out receiving message from renderer: 0.100
[1601049896.870][SEVERE]: Timed out receiving message from renderer: 0.100
[1601049898.165][SEVERE]: Timed out receiving message from renderer: 0.100
[1601049898.831][SEVERE]: Timed out receiving message from renderer: 0.100
[1601049899.294][SEVERE]: Timed out receiving message from renderer: 0.100
[1601049899.620][SEVERE]: Timed out receiving message from renderer: 0.100
[1601049899.723][SEVERE]: Timed out receiving message from renderer: 0.100
[1601049899.825][SEVERE]: Timed out receiving message from renderer: 0.100
[1601049899.928][SEVERE]: Timed out receiving message from renderer: 0.100
[1601049900.140][SEVERE]: Timed out receiving message from renderer: 0.100
[1601049900.280][SEVERE]: Timed out receiving message from renderer: 0.100
[1601049900.392][SEVERE]: Timed out receiving message from renderer: 0.100
[1601049900.559][SEVERE]: Timed out receiving message from renderer: 0.100
[1601049900.664][SEVERE]: Timed out receiving message from renderer: 0.100
[1601049900.766][SEVERE]: Timed out receiving message from renderer: 0.100
[1601049901.221][SEVERE]: Timed out receiving message from renderer: 0.100
[1601049901.326][SEVERE]: Timed out receiving message from renderer: 0.100
[1601049901.429][SEVERE]: Timed out receiving message from renderer: 0.100
[1601049904.292][SEVERE]: Timed out receiving message from renderer: 0.100
[1601049904.396][SEVERE]: Timed out receiving message from renderer: 0.100
[1601049904.546][SEVERE]: Timed out receiving message from renderer: 0.100
[1601049904.649][SEVERE]: Timed out receiving message from renderer: 0.100
[1601049904.751][SEVERE]: Timed out receiving message from renderer: 0.100
[1601049904.856][SEVERE]: Timed out receiving message from renderer: 0.100
[1601049904.961][SEVERE]: Timed out receiving message from renderer: 0.100
[1601049905.064][SEVERE]: Timed out receiving message from renderer: 0.100
[1601049905.173][SEVERE]: Timed out receiving message from renderer: 0.100
[1601049905.318][SEVERE]: Timed out receiving message from renderer: 0.100
[1601049905.568][SEVERE]: Timed out receiving message from renderer: 0.100
[1601049905.695][SEVERE]: Timed out receiving message from renderer: 0.100
[1601049905.842][SEVERE]: Timed out receiving message from renderer: 0.100
[1601049905.954][SEVERE]: Timed out receiving message from renderer: 0.100
[1601049906.060][SEVERE]: Timed out receiving message from renderer: 0.100
[1601049906.166][SEVERE]: Timed out receiving message from renderer: 0.100
[1601049906.269][SEVERE]: Timed out receiving message from renderer: 0.100
[1601049906.413][SEVERE]: Timed out receiving message from renderer: 0.100
[1601049906.517][SEVERE]: Timed out receiving message from renderer: 0.100
[1601049906.619][SEVERE]: Timed out receiving message from renderer: 0.100
[1601049906.937][SEVERE]: Timed out receiving message from renderer: 0.100
[1601049907.052][SEVERE]: Timed out receiving message from renderer: 0.100
[1601049907.164][SEVERE]: Timed out receiving message from renderer: 0.100
[1601049907.272][SEVERE]: Timed out receiving message from renderer: 0.100
[1601049907.383][SEVERE]: Timed out receiving message from renderer: 0.100
]]></system-err>
  </testcase>
</testsuite>