<?xml version="1.0" encoding="UTF-8"?>
<!-- Generated by org.testng.reporters.JUnitReportReporter -->
<testsuite skipped="0" hostname="Namratha-PC" name="com.qa.automate.healthcare.tests.LoginTest" tests="1" failures="0" timestamp="20 Oct 2020 15:11:10 GMT" time="78.278" errors="0">
  <testcase name="login" time="78.278" classname="com.qa.automate.healthcare.tests.LoginTest"/>
</testsuite> <!-- com.qa.automate.healthcare.tests.LoginTest -->
