<?xml version="1.0" encoding="UTF-8"?>
<!-- Generated by org.testng.reporters.JUnitReportReporter -->
<testsuite skipped="1" hostname="Namratha-PC" name="com.qa.automate.healthcare.tests.RegisterTest" tests="2" failures="0" timestamp="21 Oct 2020 04:28:00 GMT" time="58.567" errors="0">
  <testcase name="email" time="44.896" classname="com.qa.automate.healthcare.tests.RegisterTest">
    <skipped/>
  </testcase> <!-- email -->
  <testcase name="verifyEmailField" time="13.671" classname="com.qa.automate.healthcare.tests.RegisterTest"/>
</testsuite> <!-- com.qa.automate.healthcare.tests.RegisterTest -->
